<?xml version="1.0" encoding="UTF-8"?>
<!-- Generated by org.testng.reporters.JUnitReportReporter -->
<testsuite hostname="SasikumarR" name="jquery.Draggable" tests="1" failures="0" timestamp="13 Jan 2014 14:24:32 GMT" time="12.219" errors="0">
  <testcase name="method_entry" time="12.219" classname="jquery.Draggable"/>
</testsuite> <!-- jquery.Draggable -->
