<?xml version="1.0" encoding="UTF-8"?>
<!-- Generated by org.testng.reporters.JUnitReportReporter -->
<testsuite hostname="SasikumarR" name="mkyoung.com.TestCheckedException" tests="2" failures="0" timestamp="23 Jan 2014 11:58:56 GMT" time="5.821" errors="0">
  <testcase name="throwIfOrderIsNull" time="3.873" classname="mkyoung.com.TestCheckedException"/>
  <testcase name="throwIfOrderIsNotExists" time="1.948" classname="mkyoung.com.TestCheckedException"/>
</testsuite> <!-- mkyoung.com.TestCheckedException -->
