<?xml version="1.0" encoding="UTF-8"?>
<!-- Generated by org.testng.reporters.JUnitReportReporter -->
<testsuite hostname="SasikumarR" name="seleniumeasy.com.All_Elements_AUT" tests="1" failures="0" timestamp="29 Jan 2014 10:29:32 GMT" time="17.233" errors="0">
  <testcase name="testMethod" time="17.233" classname="seleniumeasy.com.All_Elements_AUT"/>
</testsuite> <!-- seleniumeasy.com.All_Elements_AUT -->
