<?xml version="1.0" encoding="UTF-8"?>
<!-- Generated by org.testng.reporters.JUnitReportReporter -->
<testsuite hostname="SasikumarR" name="mkyoung.com.TestDBConnection" tests="4" failures="0" timestamp="23 Jan 2014 11:27:08 GMT" time="0.000" errors="0">
  <testcase name="runOtherTest1" time="0.000" classname="mkyoung.com.TestDBConnection"/>
  <testcase name="runOtherTest1" time="0.000" classname="mkyoung.com.TestDBConnection"/>
  <testcase name="runOtherTest2" time="0.000" classname="mkyoung.com.TestDBConnection"/>
  <testcase name="runOtherTest2" time="0.000" classname="mkyoung.com.TestDBConnection"/>
</testsuite> <!-- mkyoung.com.TestDBConnection -->
