<?xml version="1.0" encoding="UTF-8"?>
<!-- Generated by org.testng.reporters.JUnitReportReporter -->
<testsuite hostname="SasikumarR" name="mkyoung.com.TestRuntime" tests="1" failures="0" timestamp="23 Jan 2014 11:50:13 GMT" time="0.009" errors="0">
  <testcase name="divisionWithException" time="0.009" classname="mkyoung.com.TestRuntime"/>
</testsuite> <!-- mkyoung.com.TestRuntime -->
