<?xml version="1.0" encoding="UTF-8"?>
<!-- Generated by org.testng.reporters.JUnitReportReporter -->
<testsuite hostname="SasikumarR" name="examples.ImageComparison" tests="1" failures="0" timestamp="19 Dec 2013 05:43:08 GMT" time="8.201" errors="0">
  <testcase name="testImageComparison" time="8.201" classname="examples.ImageComparison"/>
</testsuite> <!-- examples.ImageComparison -->
