<?xml version="1.0" encoding="UTF-8"?>
<!-- Generated by org.testng.reporters.JUnitReportReporter -->
<testsuite hostname="SasikumarR" name="examples.TestNG_Priority_Check" tests="3" failures="0" timestamp="14 Jan 2014 04:32:40 GMT" time="0.009" errors="0">
  <testcase name="method2" time="0.000" classname="examples.TestNG_Priority_Check"/>
  <testcase name="method3" time="0.009" classname="examples.TestNG_Priority_Check"/>
  <testcase name="method1" time="0.000" classname="examples.TestNG_Priority_Check"/>
</testsuite> <!-- examples.TestNG_Priority_Check -->
