<?xml version="1.0" encoding="UTF-8"?>
<!-- Generated by org.testng.reporters.JUnitReportReporter -->
<testsuite hostname="SasikumarR" name="DDT.MultiBrowserTest" tests="3" failures="0" timestamp="22 Nov 2013 10:36:35 GMT" time="10.976" errors="0">
  <testcase name="login" time="2.198" classname="DDT.MultiBrowserTest"/>
  <testcase name="login" time="4.288" classname="DDT.MultiBrowserTest"/>
  <testcase name="login" time="4.490" classname="DDT.MultiBrowserTest"/>
</testsuite> <!-- DDT.MultiBrowserTest -->
