<?xml version="1.0" encoding="UTF-8"?>
<!-- Generated by org.testng.reporters.JUnitReportReporter -->
<testsuite hostname="SasikumarR" name="jquery.TakeScreenshot" tests="1" failures="0" timestamp="27 Jan 2014 09:34:26 GMT" time="25.011" errors="0">
  <testcase name="testing" time="25.011" classname="jquery.TakeScreenshot"/>
</testsuite> <!-- jquery.TakeScreenshot -->
