<?xml version="1.0" encoding="UTF-8"?>
<!-- Generated by org.testng.reporters.JUnitReportReporter -->
<testsuite hostname="SasikumarR" name="seleniumeasy.com.FireFoxProfileExample" tests="1" failures="0" timestamp="22 Jan 2014 14:23:42 GMT" time="11.368" errors="0">
  <testcase name="testExamples" time="11.368" classname="seleniumeasy.com.FireFoxProfileExample"/>
</testsuite> <!-- seleniumeasy.com.FireFoxProfileExample -->
