<?xml version="1.0" encoding="UTF-8"?>
<!-- Generated by org.testng.reporters.JUnitReportReporter -->
<testsuite hostname="SasikumarR" name="seleniumeasy.com.IFrame" tests="1" failures="0" timestamp="29 Jan 2014 11:06:18 GMT" time="47.334" errors="0">
  <testcase name="open" time="47.334" classname="seleniumeasy.com.IFrame"/>
</testsuite> <!-- seleniumeasy.com.IFrame -->
