<?xml version="1.0" encoding="UTF-8"?>
<!-- Generated by org.testng.reporters.JUnitReportReporter -->
<testsuite hostname="SasikumarR" name="mkyoung.com.TestConfiguration" tests="2" failures="0" timestamp="23 Jan 2014 11:27:08 GMT" time="0.004" errors="0">
  <testcase name="runTest1" time="0.004" classname="mkyoung.com.TestConfiguration"/>
  <testcase name="runTest2" time="0.000" classname="mkyoung.com.TestConfiguration"/>
</testsuite> <!-- mkyoung.com.TestConfiguration -->
